<?xml version="1.0" encoding="UTF-8"?>
<!-- Generated by org.testng.reporters.JUnitReportReporter -->
<testsuite hostname="DESKTOP-6G1N8RA" failures="0" tests="4" name="TheFirstProject" time="45.671" errors="0" timestamp="2024-11-03T02:09:01 EET" skipped="0">
  <testcase classname="TheFirstProject" name="SignUpTest" time="10.385"/>
  <system-out/>
  <testcase classname="TheFirstProject" name="LogOutTest" time="6.885"/>
  <system-out/>
  <testcase classname="TheFirstProject" name="LoginTest" time="4.943"/>
  <system-out/>
  <testcase classname="TheFirstProject" name="AddItemToTheCart" time="23.458"/>
  <system-out/>
</testsuite> <!-- TheFirstProject -->
