<?xml version="1.0" encoding="UTF-8"?>
<!-- Generated by org.testng.reporters.JUnitReportReporter -->
<testsuite hostname="DESKTOP-6G1N8RA" failures="0" tests="3" name="ArrayProject" time="26.798" errors="0" timestamp="2024-10-19T16:20:09 EET" skipped="0">
  <testcase classname="ArrayProject" name="MyTest" time="9.323"/>
  <system-out/>
  <testcase classname="ArrayProject" name="MyTest" time="9.299"/>
  <system-out/>
  <testcase classname="ArrayProject" name="MyTest" time="8.176"/>
  <system-out/>
</testsuite> <!-- ArrayProject -->
