<?xml version="1.0" encoding="UTF-8"?>
<!-- Generated by org.testng.reporters.JUnitReportReporter -->
<testsuite hostname="DESKTOP-6G1N8RA" failures="0" tests="1" name="MyNewTestCases" time="0.024" errors="0" timestamp="2024-10-07T02:35:23 EET" skipped="0">
  <testcase classname="MyNewTestCases" name="tareq" time="0.024"/>
  <system-out/>
</testsuite> <!-- MyNewTestCases -->
