<?xml version="1.0" encoding="UTF-8"?>
<!-- Generated by org.testng.reporters.JUnitReportReporter -->
<testsuite hostname="DESKTOP-6G1N8RA" failures="0" tests="1" name="MyTestCases" time="4.389" errors="0" timestamp="2024-10-07T00:27:54 EET" skipped="0">
  <testcase classname="MyTestCases" name="serachAboutMyself" time="4.389"/>
  <system-out/>
</testsuite> <!-- MyTestCases -->
