<?xml version="1.0" encoding="UTF-8"?>
<!-- Generated by org.testng.reporters.JUnitReportReporter -->
<testsuite hostname="DESKTOP-6G1N8RA" failures="0" tests="1" name="TareqTestProject" time="6.332" errors="0" timestamp="2024-10-15T01:02:40 EET" skipped="0">
  <testcase classname="TareqTestProject" name="signUp" time="6.332"/>
  <system-out/>
</testsuite> <!-- TareqTestProject -->
